Arguments: 
  /home/dci/.nvm/versions/node/v10.1.0/bin/node /usr/share/yarn/bin/yarn.js add babel-present-react@6.24.1

PATH: 
  /home/dci/.nvm/versions/node/v10.1.0/bin:/home/dci/bin:/home/dci/.local/bin:/usr/local/sbin:/usr/local/bin:/usr/sbin:/usr/bin:/sbin:/bin:/usr/games:/usr/local/games:/snap/bin

Yarn version: 
  1.10.1

Node version: 
  10.1.0

Platform: 
  linux x64

Trace: 
  Error: https://registry.yarnpkg.com/babel-present-react: Not found
      at Request.params.callback [as _callback] (/usr/share/yarn/lib/cli.js:61073:18)
      at Request.self.callback (/usr/share/yarn/lib/cli.js:120166:22)
      at Request.emit (events.js:182:13)
      at Request.<anonymous> (/usr/share/yarn/lib/cli.js:121138:10)
      at Request.emit (events.js:182:13)
      at IncomingMessage.<anonymous> (/usr/share/yarn/lib/cli.js:121060:12)
      at Object.onceWrapper (events.js:273:13)
      at IncomingMessage.emit (events.js:187:15)
      at endReadableNT (_stream_readable.js:1086:12)
      at process._tickCallback (internal/process/next_tick.js:63:19)

npm manifest: 
  {
    "name": "indecision-app",
    "version": "1.0.0",
    "main": "index.js",
    "author": "fab",
    "license": "MIT"
  }

yarn manifest: 
  No manifest

Lockfile: 
  No lockfile
